Using pre-set license
Built from '2021.3/staging' branch; Version is '2021.3.5f1 (40eb3a945986) revision 4254522'; Using compiler version '192829333'; Build Type 'Release'
OS: 'Windows 10  (10.0.19044) 64bit Professional' Language: 'ko' Physical Memory: 15659 MB
BatchMode: 1, IsHumanControllingUs: 0, StartBugReporterOnCrash: 0, Is64bit: 1, IsPro: 1

COMMAND LINE ARGUMENTS:
C:\2021.3.5f1\Editor\Unity.exe
-adb2
-batchMode
-noUpm
-name
AssetImportWorker4
-projectPath
C:/Metaverse_KYH/Project_Practice/Howling
-logFile
Logs/AssetImportWorker4.log
-srvPort
64107
Successfully changed project path to: C:/Metaverse_KYH/Project_Practice/Howling
C:/Metaverse_KYH/Project_Practice/Howling
[UnityMemory] Configuration Parameters - Can be set up in boot.config
    "memorysetup-bucket-allocator-granularity=16"
    "memorysetup-bucket-allocator-bucket-count=8"
    "memorysetup-bucket-allocator-block-size=33554432"
    "memorysetup-bucket-allocator-block-count=8"
    "memorysetup-main-allocator-block-size=16777216"
    "memorysetup-thread-allocator-block-size=16777216"
    "memorysetup-gfx-main-allocator-block-size=16777216"
    "memorysetup-gfx-thread-allocator-block-size=16777216"
    "memorysetup-cache-allocator-block-size=4194304"
    "memorysetup-typetree-allocator-block-size=2097152"
    "memorysetup-profiler-bucket-allocator-granularity=16"
    "memorysetup-profiler-bucket-allocator-bucket-count=8"
    "memorysetup-profiler-bucket-allocator-block-size=33554432"
    "memorysetup-profiler-bucket-allocator-block-count=8"
    "memorysetup-profiler-allocator-block-size=16777216"
    "memorysetup-profiler-editor-allocator-block-size=1048576"
    "memorysetup-temp-allocator-size-main=16777216"
    "memorysetup-job-temp-allocator-block-size=2097152"
    "memorysetup-job-temp-allocator-block-size-background=1048576"
    "memorysetup-job-temp-allocator-reduction-small-platforms=262144"
    "memorysetup-temp-allocator-size-background-worker=32768"
    "memorysetup-temp-allocator-size-job-worker=262144"
    "memorysetup-temp-allocator-size-preload-manager=33554432"
    "memorysetup-temp-allocator-size-nav-mesh-worker=65536"
    "memorysetup-temp-allocator-size-audio-worker=65536"
    "memorysetup-temp-allocator-size-cloud-worker=32768"
    "memorysetup-temp-allocator-size-gi-baking-worker=262144"
    "memorysetup-temp-allocator-size-gfx=262144"
Refreshing native plugins compatible for Editor in 88.90 ms, found 3 plugins.
Preloading 0 native plugins for Editor in 0.00 ms.
Initialize engine version: 2021.3.5f1 (40eb3a945986)
[Subsystems] Discovering subsystems at path C:/2021.3.5f1/Editor/Data/Resources/UnitySubsystems
[Subsystems] Discovering subsystems at path C:/Metaverse_KYH/Project_Practice/Howling/Assets
GfxDevice: creating device client; threaded=0; jobified=0
Direct3D:
    Version:  Direct3D 11.0 [level 11.1]
    Renderer: AMD Radeon(TM) Graphics (ID=0x1638)
    Vendor:   ATI
    VRAM:     7829 MB
    Driver:   30.0.13014.8
Initialize mono
Mono path[0] = 'C:/2021.3.5f1/Editor/Data/Managed'
Mono path[1] = 'C:/2021.3.5f1/Editor/Data/MonoBleedingEdge/lib/mono/unityjit-win32'
Mono config path = 'C:/2021.3.5f1/Editor/Data/MonoBleedingEdge/etc'
Using monoOptions --debugger-agent=transport=dt_socket,embedding=1,server=y,suspend=n,address=127.0.0.1:56560
Begin MonoManager ReloadAssembly
Registering precompiled unity dll's ...
Register platform support module: C:/2021.3.5f1/Editor/Data/PlaybackEngines/AndroidPlayer/UnityEditor.Android.Extensions.dll
Register platform support module: C:/2021.3.5f1/Editor/Data/PlaybackEngines/WindowsStandaloneSupport/UnityEditor.WindowsStandalone.Extensions.dll
Register platform support module: C:/2021.3.5f1/Editor/Data/PlaybackEngines/MetroSupport/UnityEditor.UWP.Extensions.dll
Registered in 0.004882 seconds.
Native extension for UWP target not found
Native extension for WindowsStandalone target not found
Native extension for Android target not found
Refreshing native plugins compatible for Editor in 69.51 ms, found 3 plugins.
Preloading 0 native plugins for Editor in 0.00 ms.
Mono: successfully reloaded assembly
- Completed reload, in  0.502 seconds
Domain Reload Profiling:
	ReloadAssembly (502ms)
		BeginReloadAssembly (59ms)
			ExecutionOrderSort (0ms)
			DisableScriptedObjects (0ms)
			BackupInstance (0ms)
			ReleaseScriptingObjects (0ms)
			CreateAndSetChildDomain (1ms)
		EndReloadAssembly (359ms)
			LoadAssemblies (57ms)
			RebuildTransferFunctionScriptingTraits (0ms)
			SetupTypeCache (74ms)
			ReleaseScriptCaches (0ms)
			RebuildScriptCaches (20ms)
			SetupLoadedEditorAssemblies (219ms)
				LogAssemblyErrors (0ms)
				InitializePlatformSupportModulesInManaged (43ms)
				SetLoadedEditorAssemblies (0ms)
				RefreshPlugins (70ms)
				BeforeProcessingInitializeOnLoad (1ms)
				ProcessInitializeOnLoadAttributes (70ms)
				ProcessInitializeOnLoadMethodAttributes (34ms)
				AfterProcessingInitializeOnLoad (0ms)
				EditorAssembliesLoaded (0ms)
			ExecutionOrderSort2 (0ms)
			AwakeInstancesAfterBackupRestoration (0ms)
Platform modules already initialized, skipping
Registering precompiled user dll's ...
Registered in 0.006338 seconds.
Begin MonoManager ReloadAssembly
Symbol file LoadedFromMemory doesn't match image C:\Metaverse_KYH\Project_Practice\Howling\Library\PackageCache\com.unity.visualscripting@1.7.8\Editor\VisualScripting.Core\Dependencies\YamlDotNet\Unity.VisualScripting.YamlDotNet.dll
Symbol file LoadedFromMemory doesn't match image C:\Metaverse_KYH\Project_Practice\Howling\Library\PackageCache\com.unity.visualscripting@1.7.8\Editor\VisualScripting.Core\Dependencies\DotNetZip\Unity.VisualScripting.IonicZip.dll
Native extension for UWP target not found
Native extension for WindowsStandalone target not found
Native extension for Android target not found
Refreshing native plugins compatible for Editor in 0.68 ms, found 3 plugins.
Preloading 0 native plugins for Editor in 0.00 ms.
Mono: successfully reloaded assembly
- Completed reload, in  0.993 seconds
Domain Reload Profiling:
	ReloadAssembly (994ms)
		BeginReloadAssembly (239ms)
			ExecutionOrderSort (0ms)
			DisableScriptedObjects (5ms)
			BackupInstance (0ms)
			ReleaseScriptingObjects (0ms)
			CreateAndSetChildDomain (169ms)
		EndReloadAssembly (663ms)
			LoadAssemblies (66ms)
			RebuildTransferFunctionScriptingTraits (0ms)
			SetupTypeCache (210ms)
			ReleaseScriptCaches (0ms)
			RebuildScriptCaches (41ms)
			SetupLoadedEditorAssemblies (310ms)
				LogAssemblyErrors (0ms)
				InitializePlatformSupportModulesInManaged (12ms)
				SetLoadedEditorAssemblies (0ms)
				RefreshPlugins (1ms)
				BeforeProcessingInitializeOnLoad (71ms)
				ProcessInitializeOnLoadAttributes (197ms)
				ProcessInitializeOnLoadMethodAttributes (22ms)
				AfterProcessingInitializeOnLoad (7ms)
				EditorAssembliesLoaded (0ms)
			ExecutionOrderSort2 (0ms)
			AwakeInstancesAfterBackupRestoration (4ms)
Platform modules already initialized, skipping
========================================================================
Worker process is ready to serve import requests
Launched and connected shader compiler UnityShaderCompiler.exe after 0.03 seconds
Refreshing native plugins compatible for Editor in 1.25 ms, found 3 plugins.
Preloading 0 native plugins for Editor in 0.00 ms.
Unloading 3617 Unused Serialized files (Serialized files now loaded: 0)
Unloading 29 unused Assets / (464.7 KB). Loaded Objects now: 4082.
Memory consumption went from 144.4 MB to 144.0 MB.
Total: 4.877300 ms (FindLiveObjects: 0.371800 ms CreateObjectMapping: 0.465900 ms MarkObjects: 3.632600 ms  DeleteObjects: 0.405800 ms)

AssetImportParameters requested are different than current active one (requested -> active):
  custom:video-decoder-ogg-theora: a1e56fd34408186e4bbccfd4996cb3dc -> 
  custom:container-muxer-webm: aa71ff27fc2769a1b78a27578f13a17b -> 
  custom:container-demuxer-webm: 4f35f7cbe854078d1ac9338744f61a02 -> 
  custom:video-encoder-webm-vp8: eb34c28f22e8b96e1ab97ce403110664 -> 
  custom:audio-encoder-webm-vorbis: bf7c407c2cedff20999df2af8eb42d56 -> 
  custom:framework-win-MediaFoundation: 216162199b28c13a410421893ffa2e32 -> 
  custom:container-demuxer-ogg: 62fdf1f143b41e24485cea50d1cbac27 -> 
  custom:video-decoder-webm-vp8: 9c59270c3fd7afecdb556c50c9e8de78 -> 
  custom:audio-decoder-ogg-vorbis: bf7c407c2cedff20999df2af8eb42d56 -> 
========================================================================
Received Import Request.
  Time since last request: 399086.395047 seconds.
  path: Assets/Horror Hospital Pack/DemoScene.unity
  artifactKey: Guid(333777fb04f093742ac3cf0ca1b5e242) Importer(815301076,1909f56bfc062723c751e8b465ee728b)
Start importing Assets/Horror Hospital Pack/DemoScene.unity using Guid(333777fb04f093742ac3cf0ca1b5e242) Importer(815301076,1909f56bfc062723c751e8b465ee728b)  -> (artifact id: '91d975cfc527e7683179852e59625cf8') in 0.011581 seconds 
========================================================================
Received Import Request.
  Time since last request: 156.358664 seconds.
  path: Assets/Horror Hospital Pack/DemoScene.unity
  artifactKey: Guid(333777fb04f093742ac3cf0ca1b5e242) Importer(815301076,1909f56bfc062723c751e8b465ee728b)
Start importing Assets/Horror Hospital Pack/DemoScene.unity using Guid(333777fb04f093742ac3cf0ca1b5e242) Importer(815301076,1909f56bfc062723c751e8b465ee728b)  -> (artifact id: '8aa2f94f79ac71744ef3275e8bf75b97') in 0.005547 seconds 
========================================================================
Received Import Request.
  Time since last request: 142.340381 seconds.
  path: Assets/Horror Hospital Pack/DemoScene.unity
  artifactKey: Guid(333777fb04f093742ac3cf0ca1b5e242) Importer(815301076,1909f56bfc062723c751e8b465ee728b)
Start importing Assets/Horror Hospital Pack/DemoScene.unity using Guid(333777fb04f093742ac3cf0ca1b5e242) Importer(815301076,1909f56bfc062723c751e8b465ee728b)  -> (artifact id: 'f64c543892d58ae1031a9d116aec8d62') in 0.005291 seconds 
========================================================================
Received Import Request.
  Time since last request: 0.757771 seconds.
  path: Assets/Horror Hospital Pack/Prefabs
  artifactKey: Guid(439aaa1fdb4f2834fb8297ff893e617c) Importer(815301076,1909f56bfc062723c751e8b465ee728b)
Start importing Assets/Horror Hospital Pack/Prefabs using Guid(439aaa1fdb4f2834fb8297ff893e617c) Importer(815301076,1909f56bfc062723c751e8b465ee728b)  -> (artifact id: 'f82e1fc397e0a7a04a1e0fc2b9523541') in 0.005222 seconds 
========================================================================
Received Import Request.
  Time since last request: 0.358461 seconds.
  path: Assets/Horror Hospital Pack/Models
  artifactKey: Guid(1d5b445e1a829244d8f847e0690f9425) Importer(815301076,1909f56bfc062723c751e8b465ee728b)
Start importing Assets/Horror Hospital Pack/Models using Guid(1d5b445e1a829244d8f847e0690f9425) Importer(815301076,1909f56bfc062723c751e8b465ee728b)  -> (artifact id: '1e33e05157b2728dda14bf5dbd184aba') in 0.005395 seconds 
========================================================================
Received Import Request.
  Time since last request: 0.324810 seconds.
  path: Assets/Horror Hospital Pack/Materials
  artifactKey: Guid(07bc3393f35a05f4bba72d700c4d800a) Importer(815301076,1909f56bfc062723c751e8b465ee728b)
Start importing Assets/Horror Hospital Pack/Materials using Guid(07bc3393f35a05f4bba72d700c4d800a) Importer(815301076,1909f56bfc062723c751e8b465ee728b)  -> (artifact id: 'fe881c25c607db206c133b15373918e7') in 0.001951 seconds 
========================================================================
Received Import Request.
  Time since last request: 25.041279 seconds.
  path: Assets/Horror Hospital Pack/Materials/Floor/Concrete.png
  artifactKey: Guid(f5bd2019bdaa6eb49ad38a6d00e1fd32) Importer(815301076,1909f56bfc062723c751e8b465ee728b)
Start importing Assets/Horror Hospital Pack/Materials/Floor/Concrete.png using Guid(f5bd2019bdaa6eb49ad38a6d00e1fd32) Importer(815301076,1909f56bfc062723c751e8b465ee728b)  -> (artifact id: 'f518829c927e6b3ce21f1ecb323aea55') in 0.081068 seconds 
========================================================================
Received Import Request.
  Time since last request: 0.000022 seconds.
  path: Assets/Horror Hospital Pack/Materials/Floor/Floor.png
  artifactKey: Guid(0fc0fd7ae79f71d4482d5515b47471d1) Importer(815301076,1909f56bfc062723c751e8b465ee728b)
Start importing Assets/Horror Hospital Pack/Materials/Floor/Floor.png using Guid(0fc0fd7ae79f71d4482d5515b47471d1) Importer(815301076,1909f56bfc062723c751e8b465ee728b)  -> (artifact id: '31e8cf53ab3ebf75e2a25d83651c932f') in 0.011465 seconds 
========================================================================
Received Import Request.
  Time since last request: 15.192624 seconds.
  path: Assets/Horror Hospital Pack/Materials/Sil/Sil.mat
  artifactKey: Guid(5e775ae87c8c8604c9cb47129c773b9d) Importer(815301076,1909f56bfc062723c751e8b465ee728b)
Start importing Assets/Horror Hospital Pack/Materials/Sil/Sil.mat using Guid(5e775ae87c8c8604c9cb47129c773b9d) Importer(815301076,1909f56bfc062723c751e8b465ee728b)  -> (artifact id: '0104cdef938caaed2bf01c8a10d4bd67') in 0.058252 seconds 
