Using pre-set license
Built from '2021.3/staging' branch; Version is '2021.3.7f1 (24e8595d6d43) revision 2418777'; Using compiler version '192829333'; Build Type 'Release'
OS: 'Windows 10  (10.0.19044) 64bit Professional' Language: 'ko' Physical Memory: 15659 MB
BatchMode: 1, IsHumanControllingUs: 0, StartBugReporterOnCrash: 0, Is64bit: 1, IsPro: 1

COMMAND LINE ARGUMENTS:
C:\2021.3.7f1\Editor\Unity.exe
-adb2
-batchMode
-noUpm
-name
AssetImportWorker2
-projectPath
C:/Metaverse_KYH/Project_Practice/Howling
-logFile
Logs/AssetImportWorker2.log
-srvPort
65062
Successfully changed project path to: C:/Metaverse_KYH/Project_Practice/Howling
C:/Metaverse_KYH/Project_Practice/Howling
[UnityMemory] Configuration Parameters - Can be set up in boot.config
    "memorysetup-bucket-allocator-granularity=16"
    "memorysetup-bucket-allocator-bucket-count=8"
    "memorysetup-bucket-allocator-block-size=33554432"
    "memorysetup-bucket-allocator-block-count=8"
    "memorysetup-main-allocator-block-size=16777216"
    "memorysetup-thread-allocator-block-size=16777216"
    "memorysetup-gfx-main-allocator-block-size=16777216"
    "memorysetup-gfx-thread-allocator-block-size=16777216"
    "memorysetup-cache-allocator-block-size=4194304"
    "memorysetup-typetree-allocator-block-size=2097152"
    "memorysetup-profiler-bucket-allocator-granularity=16"
    "memorysetup-profiler-bucket-allocator-bucket-count=8"
    "memorysetup-profiler-bucket-allocator-block-size=33554432"
    "memorysetup-profiler-bucket-allocator-block-count=8"
    "memorysetup-profiler-allocator-block-size=16777216"
    "memorysetup-profiler-editor-allocator-block-size=1048576"
    "memorysetup-temp-allocator-size-main=16777216"
    "memorysetup-job-temp-allocator-block-size=2097152"
    "memorysetup-job-temp-allocator-block-size-background=1048576"
    "memorysetup-job-temp-allocator-reduction-small-platforms=262144"
    "memorysetup-temp-allocator-size-background-worker=32768"
    "memorysetup-temp-allocator-size-job-worker=262144"
    "memorysetup-temp-allocator-size-preload-manager=33554432"
    "memorysetup-temp-allocator-size-nav-mesh-worker=65536"
    "memorysetup-temp-allocator-size-audio-worker=65536"
    "memorysetup-temp-allocator-size-cloud-worker=32768"
    "memorysetup-temp-allocator-size-gi-baking-worker=262144"
    "memorysetup-temp-allocator-size-gfx=262144"
Refreshing native plugins compatible for Editor in 65.44 ms, found 3 plugins.
Preloading 0 native plugins for Editor in 0.00 ms.
Initialize engine version: 2021.3.7f1 (24e8595d6d43)
[Subsystems] Discovering subsystems at path C:/2021.3.7f1/Editor/Data/Resources/UnitySubsystems
[Subsystems] Discovering subsystems at path C:/Metaverse_KYH/Project_Practice/Howling/Assets
GfxDevice: creating device client; threaded=0; jobified=0
Direct3D:
    Version:  Direct3D 11.0 [level 11.1]
    Renderer: AMD Radeon(TM) Graphics (ID=0x1638)
    Vendor:   ATI
    VRAM:     7829 MB
    Driver:   30.0.13014.8
Initialize mono
Mono path[0] = 'C:/2021.3.7f1/Editor/Data/Managed'
Mono path[1] = 'C:/2021.3.7f1/Editor/Data/MonoBleedingEdge/lib/mono/unityjit-win32'
Mono config path = 'C:/2021.3.7f1/Editor/Data/MonoBleedingEdge/etc'
Using monoOptions --debugger-agent=transport=dt_socket,embedding=1,server=y,suspend=n,address=127.0.0.1:56716
Begin MonoManager ReloadAssembly
Registering precompiled unity dll's ...
Register platform support module: C:/2021.3.7f1/Editor/Data/PlaybackEngines/AndroidPlayer/UnityEditor.Android.Extensions.dll
Register platform support module: C:/2021.3.7f1/Editor/Data/PlaybackEngines/WindowsStandaloneSupport/UnityEditor.WindowsStandalone.Extensions.dll
Registered in 0.004135 seconds.
Native extension for WindowsStandalone target not found
Native extension for Android target not found
Refreshing native plugins compatible for Editor in 64.96 ms, found 3 plugins.
Preloading 0 native plugins for Editor in 0.00 ms.
Mono: successfully reloaded assembly
- Completed reload, in  0.492 seconds
Domain Reload Profiling:
	ReloadAssembly (492ms)
		BeginReloadAssembly (57ms)
			ExecutionOrderSort (0ms)
			DisableScriptedObjects (0ms)
			BackupInstance (0ms)
			ReleaseScriptingObjects (0ms)
			CreateAndSetChildDomain (1ms)
		EndReloadAssembly (353ms)
			LoadAssemblies (55ms)
			RebuildTransferFunctionScriptingTraits (0ms)
			SetupTypeCache (76ms)
			ReleaseScriptCaches (0ms)
			RebuildScriptCaches (19ms)
			SetupLoadedEditorAssemblies (219ms)
				LogAssemblyErrors (0ms)
				InitializePlatformSupportModulesInManaged (43ms)
				SetLoadedEditorAssemblies (0ms)
				RefreshPlugins (65ms)
				BeforeProcessingInitializeOnLoad (1ms)
				ProcessInitializeOnLoadAttributes (77ms)
				ProcessInitializeOnLoadMethodAttributes (33ms)
				AfterProcessingInitializeOnLoad (0ms)
				EditorAssembliesLoaded (0ms)
			ExecutionOrderSort2 (0ms)
			AwakeInstancesAfterBackupRestoration (0ms)
Platform modules already initialized, skipping
Registering precompiled user dll's ...
Registered in 0.005581 seconds.
Begin MonoManager ReloadAssembly
Symbol file LoadedFromMemory doesn't match image C:\Metaverse_KYH\Project_Practice\Howling\Library\PackageCache\com.unity.visualscripting@1.7.8\Editor\VisualScripting.Core\Dependencies\YamlDotNet\Unity.VisualScripting.YamlDotNet.dll
Symbol file LoadedFromMemory doesn't match image C:\Metaverse_KYH\Project_Practice\Howling\Library\PackageCache\com.unity.visualscripting@1.7.8\Editor\VisualScripting.Core\Dependencies\DotNetZip\Unity.VisualScripting.IonicZip.dll
Native extension for WindowsStandalone target not found
Native extension for Android target not found
Refreshing native plugins compatible for Editor in 0.62 ms, found 3 plugins.
Preloading 0 native plugins for Editor in 0.00 ms.
Mono: successfully reloaded assembly
- Completed reload, in  0.906 seconds
Domain Reload Profiling:
	ReloadAssembly (907ms)
		BeginReloadAssembly (197ms)
			ExecutionOrderSort (0ms)
			DisableScriptedObjects (5ms)
			BackupInstance (0ms)
			ReleaseScriptingObjects (0ms)
			CreateAndSetChildDomain (127ms)
		EndReloadAssembly (622ms)
			LoadAssemblies (65ms)
			RebuildTransferFunctionScriptingTraits (0ms)
			SetupTypeCache (205ms)
			ReleaseScriptCaches (0ms)
			RebuildScriptCaches (39ms)
			SetupLoadedEditorAssemblies (285ms)
				LogAssemblyErrors (0ms)
				InitializePlatformSupportModulesInManaged (11ms)
				SetLoadedEditorAssemblies (0ms)
				RefreshPlugins (1ms)
				BeforeProcessingInitializeOnLoad (70ms)
				ProcessInitializeOnLoadAttributes (174ms)
				ProcessInitializeOnLoadMethodAttributes (22ms)
				AfterProcessingInitializeOnLoad (6ms)
				EditorAssembliesLoaded (0ms)
			ExecutionOrderSort2 (0ms)
			AwakeInstancesAfterBackupRestoration (4ms)
Platform modules already initialized, skipping
========================================================================
Worker process is ready to serve import requests
Launched and connected shader compiler UnityShaderCompiler.exe after 0.03 seconds
Refreshing native plugins compatible for Editor in 0.63 ms, found 3 plugins.
Preloading 0 native plugins for Editor in 0.00 ms.
Unloading 3547 Unused Serialized files (Serialized files now loaded: 0)
Unloading 29 unused Assets / (464.5 KB). Loaded Objects now: 4010.
Memory consumption went from 137.5 MB to 137.0 MB.
Total: 2.904700 ms (FindLiveObjects: 0.204400 ms CreateObjectMapping: 0.089500 ms MarkObjects: 2.380400 ms  DeleteObjects: 0.229800 ms)

AssetImportParameters requested are different than current active one (requested -> active):
  custom:video-decoder-ogg-theora: a1e56fd34408186e4bbccfd4996cb3dc -> 
  custom:container-muxer-webm: aa71ff27fc2769a1b78a27578f13a17b -> 
  custom:container-demuxer-webm: 4f35f7cbe854078d1ac9338744f61a02 -> 
  custom:video-encoder-webm-vp8: eb34c28f22e8b96e1ab97ce403110664 -> 
  custom:audio-encoder-webm-vorbis: bf7c407c2cedff20999df2af8eb42d56 -> 
  custom:framework-win-MediaFoundation: 216162199b28c13a410421893ffa2e32 -> 
  custom:container-demuxer-ogg: 62fdf1f143b41e24485cea50d1cbac27 -> 
  custom:video-decoder-webm-vp8: 9c59270c3fd7afecdb556c50c9e8de78 -> 
  custom:audio-decoder-ogg-vorbis: bf7c407c2cedff20999df2af8eb42d56 -> 
========================================================================
Received Import Request.
  Time since last request: 459083.519354 seconds.
  path: Assets/Prefabs
  artifactKey: Guid(f31dc3f9c1da5464584b7558e81b20ba) Importer(815301076,1909f56bfc062723c751e8b465ee728b)
Start importing Assets/Prefabs using Guid(f31dc3f9c1da5464584b7558e81b20ba) Importer(815301076,1909f56bfc062723c751e8b465ee728b)  -> (artifact id: '334891b9d413350f3737ad3c74c380fd') in 0.011305 seconds 
========================================================================
Received Import Request.
  Time since last request: 10.870866 seconds.
  path: Assets/Prefabs/Player.prefab
  artifactKey: Guid(b5f3ca8ba9a4c554da1992b32aefcfa6) Importer(815301076,1909f56bfc062723c751e8b465ee728b)
Start importing Assets/Prefabs/Player.prefab using Guid(b5f3ca8ba9a4c554da1992b32aefcfa6) Importer(815301076,1909f56bfc062723c751e8b465ee728b)  -> (artifact id: '918ad5159923fa8f4eca3c58376bc986') in 0.129320 seconds 
========================================================================
Received Import Request.
  Time since last request: 13.582635 seconds.
  path: Assets/TestMap/LightmapSnapshot.asset
  artifactKey: Guid(109adbef35ab6c843b100e7afcb5832d) Importer(815301076,1909f56bfc062723c751e8b465ee728b)
Start importing Assets/TestMap/LightmapSnapshot.asset using Guid(109adbef35ab6c843b100e7afcb5832d) Importer(815301076,1909f56bfc062723c751e8b465ee728b) Lighting data asset ‘LightmapSnapshot’ is inconsistent because 2 files out of 10 are missing. Please use Generate Lighting to rebuild the lighting data.
Lighting data asset ‘LightmapSnapshot’ is incompatible with the current Unity version. Please use Generate Lighting to rebuild the lighting data. Realtime Global Illumination cannot be used until the lighting data is rebuilt.
Lighting data asset ‘LightmapSnapshot’ is incompatible with the current Unity version because the scene it was baked for was not serialized. Please use Generate Lighting to rebuild the lighting data, or assign the target scene to the Lighting Data Asset in the inspector.
 -> (artifact id: '763e701253e30dc5d1c4731ed8e39046') in 0.013465 seconds 
========================================================================
Received Import Request.
  Time since last request: 10.372439 seconds.
  path: Assets/Horror Hospital Pack/DemoScene.unity
  artifactKey: Guid(333777fb04f093742ac3cf0ca1b5e242) Importer(815301076,1909f56bfc062723c751e8b465ee728b)
Start importing Assets/Horror Hospital Pack/DemoScene.unity using Guid(333777fb04f093742ac3cf0ca1b5e242) Importer(815301076,1909f56bfc062723c751e8b465ee728b)  -> (artifact id: '91d975cfc527e7683179852e59625cf8') in 0.005598 seconds 
========================================================================
Received Import Request.
  Time since last request: 51.198007 seconds.
  path: Assets/Horror Hospital Pack/Prefabs
  artifactKey: Guid(439aaa1fdb4f2834fb8297ff893e617c) Importer(815301076,1909f56bfc062723c751e8b465ee728b)
Start importing Assets/Horror Hospital Pack/Prefabs using Guid(439aaa1fdb4f2834fb8297ff893e617c) Importer(815301076,1909f56bfc062723c751e8b465ee728b)  -> (artifact id: 'f82e1fc397e0a7a04a1e0fc2b9523541') in 0.002192 seconds 
========================================================================
Received Import Request.
  Time since last request: 18.624514 seconds.
  path: Assets/TestMap.unity
  artifactKey: Guid(5b6b7d90d160bed4da722754b8a19c8a) Importer(815301076,1909f56bfc062723c751e8b465ee728b)
Start importing Assets/TestMap.unity using Guid(5b6b7d90d160bed4da722754b8a19c8a) Importer(815301076,1909f56bfc062723c751e8b465ee728b)  -> (artifact id: '5b24b347fbcc11ede80817157603a1af') in 0.007447 seconds 
========================================================================
Received Import Request.
  Time since last request: 1.408270 seconds.
  path: Assets/HorrorHospitalPackFJM.unitypackage
  artifactKey: Guid(fcdbec58ed3189e4a9392e6d08519d9f) Importer(815301076,1909f56bfc062723c751e8b465ee728b)
Start importing Assets/HorrorHospitalPackFJM.unitypackage using Guid(fcdbec58ed3189e4a9392e6d08519d9f) Importer(815301076,1909f56bfc062723c751e8b465ee728b)  -> (artifact id: '59d10ef832a948e65cbf43b5a92bd8c6') in 0.007686 seconds 
========================================================================
Received Import Request.
  Time since last request: 26.667379 seconds.
  path: Assets/Horror Hospital Pack/DemoScene.unity
  artifactKey: Guid(333777fb04f093742ac3cf0ca1b5e242) Importer(815301076,1909f56bfc062723c751e8b465ee728b)
Start importing Assets/Horror Hospital Pack/DemoScene.unity using Guid(333777fb04f093742ac3cf0ca1b5e242) Importer(815301076,1909f56bfc062723c751e8b465ee728b)  -> (artifact id: '37acafde4225daf447c8adc22577e76a') in 0.002262 seconds 
========================================================================
Received Import Request.
  Time since last request: 19.692404 seconds.
  path: Assets/Horror Hospital Pack/Prefabs
  artifactKey: Guid(439aaa1fdb4f2834fb8297ff893e617c) Importer(815301076,1909f56bfc062723c751e8b465ee728b)
Start importing Assets/Horror Hospital Pack/Prefabs using Guid(439aaa1fdb4f2834fb8297ff893e617c) Importer(815301076,1909f56bfc062723c751e8b465ee728b)  -> (artifact id: 'c8bd3ee4e72fa1bcdba338ae4cf62662') in 0.002131 seconds 
========================================================================
Received Import Request.
  Time since last request: 6.522213 seconds.
  path: Assets/Horror Hospital Pack/Models
  artifactKey: Guid(1d5b445e1a829244d8f847e0690f9425) Importer(815301076,1909f56bfc062723c751e8b465ee728b)
Start importing Assets/Horror Hospital Pack/Models using Guid(1d5b445e1a829244d8f847e0690f9425) Importer(815301076,1909f56bfc062723c751e8b465ee728b)  -> (artifact id: 'cdfdea537154c76ef50d38760e26eeb2') in 0.005737 seconds 
========================================================================
Received Import Request.
  Time since last request: 0.616600 seconds.
  path: Assets/Horror Hospital Pack/Models/Cabel
  artifactKey: Guid(62c97cab37a9f4a4bbea520816692361) Importer(815301076,1909f56bfc062723c751e8b465ee728b)
Start importing Assets/Horror Hospital Pack/Models/Cabel using Guid(62c97cab37a9f4a4bbea520816692361) Importer(815301076,1909f56bfc062723c751e8b465ee728b)  -> (artifact id: '16528855cb5e1f4f8326c24b04e76cc7') in 0.006117 seconds 
========================================================================
Received Import Request.
  Time since last request: 478.552701 seconds.
  path: Assets/Standard Assets/Characters/FirstPersonCharacter
  artifactKey: Guid(943e057eaae705e43b9e9b2e53d6adb0) Importer(815301076,1909f56bfc062723c751e8b465ee728b)
Start importing Assets/Standard Assets/Characters/FirstPersonCharacter using Guid(943e057eaae705e43b9e9b2e53d6adb0) Importer(815301076,1909f56bfc062723c751e8b465ee728b)  -> (artifact id: '91d5e78116abae06e2c4de5df98e5e47') in 0.006510 seconds 
========================================================================
Received Import Request.
  Time since last request: 0.459439 seconds.
  path: Assets/Standard Assets/Characters/RollerBall
  artifactKey: Guid(438c5036def53d643a5c720213903c0f) Importer(815301076,1909f56bfc062723c751e8b465ee728b)
Start importing Assets/Standard Assets/Characters/RollerBall using Guid(438c5036def53d643a5c720213903c0f) Importer(815301076,1909f56bfc062723c751e8b465ee728b)  -> (artifact id: 'fdb69e89d14e613f6ee517610706f287') in 0.006364 seconds 
========================================================================
Received Import Request.
  Time since last request: 3.980735 seconds.
  path: Assets/Standard Assets/CrossPlatformInput/Scripts
  artifactKey: Guid(d88a0b7dd92c5524aaf2d65e569a6213) Importer(815301076,1909f56bfc062723c751e8b465ee728b)
Start importing Assets/Standard Assets/CrossPlatformInput/Scripts using Guid(d88a0b7dd92c5524aaf2d65e569a6213) Importer(815301076,1909f56bfc062723c751e8b465ee728b)  -> (artifact id: 'bc778a3aadbf35c8a02c60eb50e1d575') in 0.005759 seconds 
========================================================================
Received Import Request.
  Time since last request: 0.777937 seconds.
  path: Assets/Standard Assets/CrossPlatformInput/Scripts/AxisTouchButton.cs
  artifactKey: Guid(9ab98b66288df7b4fa182075f2f12bd6) Importer(815301076,1909f56bfc062723c751e8b465ee728b)
Start importing Assets/Standard Assets/CrossPlatformInput/Scripts/AxisTouchButton.cs using Guid(9ab98b66288df7b4fa182075f2f12bd6) Importer(815301076,1909f56bfc062723c751e8b465ee728b)  -> (artifact id: 'd05f4f6e87c93a41b1fc8360fa5eed1e') in 0.008239 seconds 
========================================================================
Received Import Request.
  Time since last request: 20.125768 seconds.
  path: Assets/Editor/CrossPlatformInput
  artifactKey: Guid(41e4f29e5dee9ec48a2538955ef1de71) Importer(815301076,1909f56bfc062723c751e8b465ee728b)
Start importing Assets/Editor/CrossPlatformInput using Guid(41e4f29e5dee9ec48a2538955ef1de71) Importer(815301076,1909f56bfc062723c751e8b465ee728b)  -> (artifact id: 'd5bc784e52033c829324c7fe68eb94a0') in 0.005337 seconds 
========================================================================
Received Import Request.
  Time since last request: 0.620839 seconds.
  path: Assets/Editor/CrossPlatformInput/CrossPlatformInputInitialize.cs
  artifactKey: Guid(db7667203062c644ea1877077e30ebd6) Importer(815301076,1909f56bfc062723c751e8b465ee728b)
Start importing Assets/Editor/CrossPlatformInput/CrossPlatformInputInitialize.cs using Guid(db7667203062c644ea1877077e30ebd6) Importer(815301076,1909f56bfc062723c751e8b465ee728b)  -> (artifact id: '765d0795a657a3cdf8dd552a33dc5ae3') in 0.004962 seconds 
========================================================================
Received Import Request.
  Time since last request: 24.328556 seconds.
  path: Assets/Editor/ImageEffects/AntialiasingEditor.cs
  artifactKey: Guid(ba15fa37442517749a3c4640a4ad4054) Importer(815301076,1909f56bfc062723c751e8b465ee728b)
Start importing Assets/Editor/ImageEffects/AntialiasingEditor.cs using Guid(ba15fa37442517749a3c4640a4ad4054) Importer(815301076,1909f56bfc062723c751e8b465ee728b)  -> (artifact id: '3206d374effd87dac19f164ce8aa14bd') in 0.006317 seconds 
========================================================================
Received Import Request.
  Time since last request: 49.178419 seconds.
  path: Assets/ToolboxAsset/ToolBox.unitypackage
  artifactKey: Guid(1a5b2970404151642b52c9d58f0b4f2b) Importer(815301076,1909f56bfc062723c751e8b465ee728b)
Start importing Assets/ToolboxAsset/ToolBox.unitypackage using Guid(1a5b2970404151642b52c9d58f0b4f2b) Importer(815301076,1909f56bfc062723c751e8b465ee728b)  -> (artifact id: '64fd5e23814155ca1c0694d547032755') in 0.005828 seconds 
========================================================================
Received Import Request.
  Time since last request: 10.533990 seconds.
  path: Assets/StudioNewPunch/SuitPack/SuitedMan
  artifactKey: Guid(cae5523809157024295d6151bea0df28) Importer(815301076,1909f56bfc062723c751e8b465ee728b)
Start importing Assets/StudioNewPunch/SuitPack/SuitedMan using Guid(cae5523809157024295d6151bea0df28) Importer(815301076,1909f56bfc062723c751e8b465ee728b)  -> (artifact id: '28192c8cec416a501cdd48f3cfa0b361') in 0.006831 seconds 
========================================================================
Received Prepare
Registering precompiled user dll's ...
Registered in 0.006023 seconds.
Begin MonoManager ReloadAssembly
Symbol file LoadedFromMemory doesn't match image C:\Metaverse_KYH\Project_Practice\Howling\Library\PackageCache\com.unity.visualscripting@1.7.8\Editor\VisualScripting.Core\Dependencies\YamlDotNet\Unity.VisualScripting.YamlDotNet.dll
Symbol file LoadedFromMemory doesn't match image C:\Metaverse_KYH\Project_Practice\Howling\Library\PackageCache\com.unity.visualscripting@1.7.8\Editor\VisualScripting.Core\Dependencies\DotNetZip\Unity.VisualScripting.IonicZip.dll
Native extension for WindowsStandalone target not found
Native extension for Android target not found
Refreshing native plugins compatible for Editor in 0.74 ms, found 3 plugins.
Preloading 0 native plugins for Editor in 0.00 ms.
Mono: successfully reloaded assembly
- Completed reload, in  0.869 seconds
Domain Reload Profiling:
	ReloadAssembly (869ms)
		BeginReloadAssembly (127ms)
			ExecutionOrderSort (0ms)
			DisableScriptedObjects (4ms)
			BackupInstance (0ms)
			ReleaseScriptingObjects (0ms)
			CreateAndSetChildDomain (37ms)
		EndReloadAssembly (654ms)
			LoadAssemblies (79ms)
			RebuildTransferFunctionScriptingTraits (0ms)
			SetupTypeCache (197ms)
			ReleaseScriptCaches (1ms)
			RebuildScriptCaches (35ms)
			SetupLoadedEditorAssemblies (312ms)
				LogAssemblyErrors (0ms)
				InitializePlatformSupportModulesInManaged (18ms)
				SetLoadedEditorAssemblies (0ms)
				RefreshPlugins (1ms)
				BeforeProcessingInitializeOnLoad (68ms)
				ProcessInitializeOnLoadAttributes (187ms)
				ProcessInitializeOnLoadMethodAttributes (29ms)
				AfterProcessingInitializeOnLoad (8ms)
				EditorAssembliesLoaded (0ms)
			ExecutionOrderSort2 (0ms)
			AwakeInstancesAfterBackupRestoration (5ms)
Platform modules already initialized, skipping
Refreshing native plugins compatible for Editor in 1.80 ms, found 3 plugins.
Preloading 0 native plugins for Editor in 0.00 ms.
Unloading 3374 Unused Serialized files (Serialized files now loaded: 0)
Unloading 100 unused Assets / (82.5 KB). Loaded Objects now: 3941.
Memory consumption went from 143.7 MB to 143.6 MB.
Total: 3.216400 ms (FindLiveObjects: 0.288300 ms CreateObjectMapping: 0.267400 ms MarkObjects: 2.526100 ms  DeleteObjects: 0.133900 ms)

AssetImportParameters requested are different than current active one (requested -> active):
  custom:video-decoder-ogg-theora: a1e56fd34408186e4bbccfd4996cb3dc -> 
  custom:container-muxer-webm: aa71ff27fc2769a1b78a27578f13a17b -> 
  custom:container-demuxer-webm: 4f35f7cbe854078d1ac9338744f61a02 -> 
  custom:video-encoder-webm-vp8: eb34c28f22e8b96e1ab97ce403110664 -> 
  custom:audio-encoder-webm-vorbis: bf7c407c2cedff20999df2af8eb42d56 -> 
  custom:framework-win-MediaFoundation: 216162199b28c13a410421893ffa2e32 -> 
  custom:container-demuxer-ogg: 62fdf1f143b41e24485cea50d1cbac27 -> 
  custom:video-decoder-webm-vp8: 9c59270c3fd7afecdb556c50c9e8de78 -> 
  custom:audio-decoder-ogg-vorbis: bf7c407c2cedff20999df2af8eb42d56 -> 
========================================================================
Received Import Request.
  Time since last request: 119.421836 seconds.
  path: Assets/ToolPack#1/Models/Hammer.FBX
  artifactKey: Guid(d15d0a5a9f28ff04bb992a4e49dac673) Importer(815301076,1909f56bfc062723c751e8b465ee728b)
Start importing Assets/ToolPack#1/Models/Hammer.FBX using Guid(d15d0a5a9f28ff04bb992a4e49dac673) Importer(815301076,1909f56bfc062723c751e8b465ee728b)  -> (artifact id: '94e8ae2080f535002b0ca54a85a4d62c') in 0.125995 seconds 
========================================================================
Received Import Request.
  Time since last request: 21.826643 seconds.
  path: Assets/ToolPack#1/Models/Materials
  artifactKey: Guid(9ffb5adabadf43941bcb034a09880c76) Importer(815301076,1909f56bfc062723c751e8b465ee728b)
Start importing Assets/ToolPack#1/Models/Materials using Guid(9ffb5adabadf43941bcb034a09880c76) Importer(815301076,1909f56bfc062723c751e8b465ee728b)  -> (artifact id: 'ce26ec62c3cbfc7f274032279985df73') in 0.005053 seconds 
========================================================================
Received Import Request.
  Time since last request: 0.065217 seconds.
  path: Assets/ToolPack#1/Models/Materials/HammerDiffuse.mat
  artifactKey: Guid(190c9f4a8ebcee14ab90864ee4498009) Importer(815301076,1909f56bfc062723c751e8b465ee728b)
Start importing Assets/ToolPack#1/Models/Materials/HammerDiffuse.mat using Guid(190c9f4a8ebcee14ab90864ee4498009) Importer(815301076,1909f56bfc062723c751e8b465ee728b)  -> (artifact id: '2af267da5045d0e8e1884a2fde795403') in 0.021826 seconds 
========================================================================
Received Import Request.
  Time since last request: 2.635931 seconds.
  path: Assets/ToolPack#1/Prefabs/Hammer.prefab
  artifactKey: Guid(a031c602a9798524c8dfa563fe759065) Importer(815301076,1909f56bfc062723c751e8b465ee728b)
Start importing Assets/ToolPack#1/Prefabs/Hammer.prefab using Guid(a031c602a9798524c8dfa563fe759065) Importer(815301076,1909f56bfc062723c751e8b465ee728b)  -> (artifact id: '36e3c67510b002a589251279d6e90854') in 0.161517 seconds 
========================================================================
Received Import Request.
  Time since last request: 1.559638 seconds.
  path: Assets/ToolPack#1/Textures/Screwdriver
  artifactKey: Guid(da60ef9c245beae4d8d4c417f0888b90) Importer(815301076,1909f56bfc062723c751e8b465ee728b)
Start importing Assets/ToolPack#1/Textures/Screwdriver using Guid(da60ef9c245beae4d8d4c417f0888b90) Importer(815301076,1909f56bfc062723c751e8b465ee728b)  -> (artifact id: '25ce3cccc989df74ca12037817d5485f') in 0.002078 seconds 
========================================================================
Received Import Request.
  Time since last request: 0.532611 seconds.
  path: Assets/ToolPack#1/Textures/Screwdriver/ScrewdriverDiffuse.tga
  artifactKey: Guid(27231b2148b75bd44968716e8e0a4cf5) Importer(815301076,1909f56bfc062723c751e8b465ee728b)
Start importing Assets/ToolPack#1/Textures/Screwdriver/ScrewdriverDiffuse.tga using Guid(27231b2148b75bd44968716e8e0a4cf5) Importer(815301076,1909f56bfc062723c751e8b465ee728b)  -> (artifact id: 'dcc3a36be96dcbac2c872bbc5441537d') in 0.014117 seconds 
========================================================================
Received Import Request.
  Time since last request: 21.675151 seconds.
  path: Assets/TestMapSettings.lighting
  artifactKey: Guid(8195e06c354c1384e8763bee7d4069e4) Importer(815301076,1909f56bfc062723c751e8b465ee728b)
Start importing Assets/TestMapSettings.lighting using Guid(8195e06c354c1384e8763bee7d4069e4) Importer(815301076,1909f56bfc062723c751e8b465ee728b) LightingSettings: switching bake backend from 1 to 0.
 -> (artifact id: 'ccbb4b44158ed0357238d1c0c4ab6881') in 0.007205 seconds 
========================================================================
Received Import Request.
  Time since last request: 2.792833 seconds.
  path: Assets/TestMap.unity
  artifactKey: Guid(5b6b7d90d160bed4da722754b8a19c8a) Importer(815301076,1909f56bfc062723c751e8b465ee728b)
Start importing Assets/TestMap.unity using Guid(5b6b7d90d160bed4da722754b8a19c8a) Importer(815301076,1909f56bfc062723c751e8b465ee728b)  -> (artifact id: '551a53da290bddc27fb76e9a0dabc93e') in 0.002130 seconds 
========================================================================
Received Import Request.
  Time since last request: 0.867997 seconds.
  path: Assets/ManController.controller
  artifactKey: Guid(db10c2f1613b4e9469fd1c2bb2e56bc0) Importer(815301076,1909f56bfc062723c751e8b465ee728b)
Start importing Assets/ManController.controller using Guid(db10c2f1613b4e9469fd1c2bb2e56bc0) Importer(815301076,1909f56bfc062723c751e8b465ee728b)  -> (artifact id: '6dd0e7fa73da2e807bf4550d712382c2') in 0.009097 seconds 
========================================================================
Received Import Request.
  Time since last request: 30.927886 seconds.
  path: Assets/Scenes/SampleScene.unity
  artifactKey: Guid(9fc0d4010bbf28b4594072e72b8655ab) Importer(815301076,1909f56bfc062723c751e8b465ee728b)
Start importing Assets/Scenes/SampleScene.unity using Guid(9fc0d4010bbf28b4594072e72b8655ab) Importer(815301076,1909f56bfc062723c751e8b465ee728b)  -> (artifact id: 'fa8ac5b7ba87177ef22d40aac822f4f7') in 0.005579 seconds 
========================================================================
Received Import Request.
  Time since last request: 2.710486 seconds.
  path: Assets/TestMap.unity
  artifactKey: Guid(5b6b7d90d160bed4da722754b8a19c8a) Importer(815301076,1909f56bfc062723c751e8b465ee728b)
Start importing Assets/TestMap.unity using Guid(5b6b7d90d160bed4da722754b8a19c8a) Importer(815301076,1909f56bfc062723c751e8b465ee728b)  -> (artifact id: 'ceaf1efa1fc796e269dbc516425f00a9') in 0.002105 seconds 
========================================================================
Received Prepare
Registering precompiled user dll's ...
Registered in 0.005017 seconds.
Begin MonoManager ReloadAssembly
Symbol file LoadedFromMemory doesn't match image C:\Metaverse_KYH\Project_Practice\Howling\Library\PackageCache\com.unity.visualscripting@1.7.8\Editor\VisualScripting.Core\Dependencies\YamlDotNet\Unity.VisualScripting.YamlDotNet.dll
Symbol file LoadedFromMemory doesn't match image C:\Metaverse_KYH\Project_Practice\Howling\Library\PackageCache\com.unity.visualscripting@1.7.8\Editor\VisualScripting.Core\Dependencies\DotNetZip\Unity.VisualScripting.IonicZip.dll
Native extension for WindowsStandalone target not found
Native extension for Android target not found
Refreshing native plugins compatible for Editor in 0.58 ms, found 3 plugins.
Preloading 0 native plugins for Editor in 0.00 ms.
Mono: successfully reloaded assembly
- Completed reload, in  0.959 seconds
Domain Reload Profiling:
	ReloadAssembly (960ms)
		BeginReloadAssembly (108ms)
			ExecutionOrderSort (0ms)
			DisableScriptedObjects (3ms)
			BackupInstance (0ms)
			ReleaseScriptingObjects (0ms)
			CreateAndSetChildDomain (32ms)
		EndReloadAssembly (760ms)
			LoadAssemblies (75ms)
			RebuildTransferFunctionScriptingTraits (0ms)
			SetupTypeCache (258ms)
			ReleaseScriptCaches (2ms)
			RebuildScriptCaches (43ms)
			SetupLoadedEditorAssemblies (328ms)
				LogAssemblyErrors (0ms)
				InitializePlatformSupportModulesInManaged (20ms)
				SetLoadedEditorAssemblies (0ms)
				RefreshPlugins (1ms)
				BeforeProcessingInitializeOnLoad (67ms)
				ProcessInitializeOnLoadAttributes (200ms)
				ProcessInitializeOnLoadMethodAttributes (30ms)
				AfterProcessingInitializeOnLoad (9ms)
				EditorAssembliesLoaded (0ms)
			ExecutionOrderSort2 (0ms)
			AwakeInstancesAfterBackupRestoration (6ms)
Platform modules already initialized, skipping
Refreshing native plugins compatible for Editor in 2.54 ms, found 3 plugins.
Preloading 0 native plugins for Editor in 0.00 ms.
Unloading 3374 Unused Serialized files (Serialized files now loaded: 0)
Unloading 20 unused Assets / (82.4 KB). Loaded Objects now: 3981.
Memory consumption went from 143.7 MB to 143.6 MB.
Total: 4.407400 ms (FindLiveObjects: 0.432500 ms CreateObjectMapping: 0.240000 ms MarkObjects: 3.541900 ms  DeleteObjects: 0.192000 ms)

AssetImportParameters requested are different than current active one (requested -> active):
  custom:video-decoder-ogg-theora: a1e56fd34408186e4bbccfd4996cb3dc -> 
  custom:container-muxer-webm: aa71ff27fc2769a1b78a27578f13a17b -> 
  custom:container-demuxer-webm: 4f35f7cbe854078d1ac9338744f61a02 -> 
  custom:video-encoder-webm-vp8: eb34c28f22e8b96e1ab97ce403110664 -> 
  custom:audio-encoder-webm-vorbis: bf7c407c2cedff20999df2af8eb42d56 -> 
  custom:framework-win-MediaFoundation: 216162199b28c13a410421893ffa2e32 -> 
  custom:container-demuxer-ogg: 62fdf1f143b41e24485cea50d1cbac27 -> 
  custom:video-decoder-webm-vp8: 9c59270c3fd7afecdb556c50c9e8de78 -> 
  custom:audio-decoder-ogg-vorbis: bf7c407c2cedff20999df2af8eb42d56 -> 
========================================================================
Received Prepare
Registering precompiled user dll's ...
Registered in 0.005021 seconds.
Begin MonoManager ReloadAssembly
Symbol file LoadedFromMemory doesn't match image C:\Metaverse_KYH\Project_Practice\Howling\Library\PackageCache\com.unity.visualscripting@1.7.8\Editor\VisualScripting.Core\Dependencies\YamlDotNet\Unity.VisualScripting.YamlDotNet.dll
Symbol file LoadedFromMemory doesn't match image C:\Metaverse_KYH\Project_Practice\Howling\Library\PackageCache\com.unity.visualscripting@1.7.8\Editor\VisualScripting.Core\Dependencies\DotNetZip\Unity.VisualScripting.IonicZip.dll
Native extension for WindowsStandalone target not found
Native extension for Android target not found
Refreshing native plugins compatible for Editor in 0.59 ms, found 3 plugins.
Preloading 0 native plugins for Editor in 0.00 ms.
Mono: successfully reloaded assembly
- Completed reload, in  0.837 seconds
Domain Reload Profiling:
	ReloadAssembly (837ms)
		BeginReloadAssembly (110ms)
			ExecutionOrderSort (0ms)
			DisableScriptedObjects (4ms)
			BackupInstance (0ms)
			ReleaseScriptingObjects (0ms)
			CreateAndSetChildDomain (30ms)
		EndReloadAssembly (646ms)
			LoadAssemblies (73ms)
			RebuildTransferFunctionScriptingTraits (0ms)
			SetupTypeCache (220ms)
			ReleaseScriptCaches (1ms)
			RebuildScriptCaches (37ms)
			SetupLoadedEditorAssemblies (255ms)
				LogAssemblyErrors (0ms)
				InitializePlatformSupportModulesInManaged (20ms)
				SetLoadedEditorAssemblies (0ms)
				RefreshPlugins (1ms)
				BeforeProcessingInitializeOnLoad (54ms)
				ProcessInitializeOnLoadAttributes (153ms)
				ProcessInitializeOnLoadMethodAttributes (21ms)
				AfterProcessingInitializeOnLoad (7ms)
				EditorAssembliesLoaded (0ms)
			ExecutionOrderSort2 (0ms)
			AwakeInstancesAfterBackupRestoration (7ms)
Platform modules already initialized, skipping
Refreshing native plugins compatible for Editor in 1.74 ms, found 3 plugins.
Preloading 0 native plugins for Editor in 0.00 ms.
Unloading 3374 Unused Serialized files (Serialized files now loaded: 0)
Unloading 20 unused Assets / (82.4 KB). Loaded Objects now: 3984.
Memory consumption went from 143.7 MB to 143.6 MB.
Total: 2.666800 ms (FindLiveObjects: 0.223400 ms CreateObjectMapping: 0.173700 ms MarkObjects: 2.149900 ms  DeleteObjects: 0.119200 ms)

AssetImportParameters requested are different than current active one (requested -> active):
  custom:video-decoder-ogg-theora: a1e56fd34408186e4bbccfd4996cb3dc -> 
  custom:container-muxer-webm: aa71ff27fc2769a1b78a27578f13a17b -> 
  custom:container-demuxer-webm: 4f35f7cbe854078d1ac9338744f61a02 -> 
  custom:video-encoder-webm-vp8: eb34c28f22e8b96e1ab97ce403110664 -> 
  custom:audio-encoder-webm-vorbis: bf7c407c2cedff20999df2af8eb42d56 -> 
  custom:framework-win-MediaFoundation: 216162199b28c13a410421893ffa2e32 -> 
  custom:container-demuxer-ogg: 62fdf1f143b41e24485cea50d1cbac27 -> 
  custom:video-decoder-webm-vp8: 9c59270c3fd7afecdb556c50c9e8de78 -> 
  custom:audio-decoder-ogg-vorbis: bf7c407c2cedff20999df2af8eb42d56 -> 
========================================================================
Received Prepare
Registering precompiled user dll's ...
Registered in 0.005757 seconds.
Begin MonoManager ReloadAssembly
Symbol file LoadedFromMemory doesn't match image C:\Metaverse_KYH\Project_Practice\Howling\Library\PackageCache\com.unity.visualscripting@1.7.8\Editor\VisualScripting.Core\Dependencies\YamlDotNet\Unity.VisualScripting.YamlDotNet.dll
Symbol file LoadedFromMemory doesn't match image C:\Metaverse_KYH\Project_Practice\Howling\Library\PackageCache\com.unity.visualscripting@1.7.8\Editor\VisualScripting.Core\Dependencies\DotNetZip\Unity.VisualScripting.IonicZip.dll
Native extension for WindowsStandalone target not found
Native extension for Android target not found
Refreshing native plugins compatible for Editor in 1.29 ms, found 3 plugins.
Preloading 0 native plugins for Editor in 0.00 ms.
Mono: successfully reloaded assembly
- Completed reload, in  0.957 seconds
Domain Reload Profiling:
	ReloadAssembly (957ms)
		BeginReloadAssembly (114ms)
			ExecutionOrderSort (0ms)
			DisableScriptedObjects (4ms)
			BackupInstance (0ms)
			ReleaseScriptingObjects (0ms)
			CreateAndSetChildDomain (32ms)
		EndReloadAssembly (765ms)
			LoadAssemblies (73ms)
			RebuildTransferFunctionScriptingTraits (0ms)
			SetupTypeCache (263ms)
			ReleaseScriptCaches (2ms)
			RebuildScriptCaches (43ms)
			SetupLoadedEditorAssemblies (327ms)
				LogAssemblyErrors (0ms)
				InitializePlatformSupportModulesInManaged (20ms)
				SetLoadedEditorAssemblies (1ms)
				RefreshPlugins (1ms)
				BeforeProcessingInitializeOnLoad (70ms)
				ProcessInitializeOnLoadAttributes (198ms)
				ProcessInitializeOnLoadMethodAttributes (28ms)
				AfterProcessingInitializeOnLoad (8ms)
				EditorAssembliesLoaded (0ms)
			ExecutionOrderSort2 (0ms)
			AwakeInstancesAfterBackupRestoration (6ms)
Platform modules already initialized, skipping
Refreshing native plugins compatible for Editor in 2.32 ms, found 3 plugins.
Preloading 0 native plugins for Editor in 0.00 ms.
Unloading 3374 Unused Serialized files (Serialized files now loaded: 0)
Unloading 20 unused Assets / (82.6 KB). Loaded Objects now: 3987.
Memory consumption went from 143.7 MB to 143.6 MB.
Total: 4.093100 ms (FindLiveObjects: 0.419900 ms CreateObjectMapping: 0.177600 ms MarkObjects: 3.346200 ms  DeleteObjects: 0.148100 ms)

AssetImportParameters requested are different than current active one (requested -> active):
  custom:video-decoder-ogg-theora: a1e56fd34408186e4bbccfd4996cb3dc -> 
  custom:container-muxer-webm: aa71ff27fc2769a1b78a27578f13a17b -> 
  custom:container-demuxer-webm: 4f35f7cbe854078d1ac9338744f61a02 -> 
  custom:video-encoder-webm-vp8: eb34c28f22e8b96e1ab97ce403110664 -> 
  custom:audio-encoder-webm-vorbis: bf7c407c2cedff20999df2af8eb42d56 -> 
  custom:framework-win-MediaFoundation: 216162199b28c13a410421893ffa2e32 -> 
  custom:container-demuxer-ogg: 62fdf1f143b41e24485cea50d1cbac27 -> 
  custom:video-decoder-webm-vp8: 9c59270c3fd7afecdb556c50c9e8de78 -> 
  custom:audio-decoder-ogg-vorbis: bf7c407c2cedff20999df2af8eb42d56 -> 
========================================================================
Received Import Request.
  Time since last request: 129.258790 seconds.
  path: Assets/Dnk_Dev/HospitalHorrorPack
  artifactKey: Guid(72f21673e7e753d46841ea5f8493b26f) Importer(815301076,1909f56bfc062723c751e8b465ee728b)
Start importing Assets/Dnk_Dev/HospitalHorrorPack using Guid(72f21673e7e753d46841ea5f8493b26f) Importer(815301076,1909f56bfc062723c751e8b465ee728b)  -> (artifact id: '86eb0f552ffe6a4c7ebc8e3c1dc0f2a8') in 0.010353 seconds 
========================================================================
Received Import Request.
  Time since last request: 38.110243 seconds.
  path: Assets/Horror Hospital Pack/DemoScene.unity
  artifactKey: Guid(333777fb04f093742ac3cf0ca1b5e242) Importer(815301076,1909f56bfc062723c751e8b465ee728b)
Start importing Assets/Horror Hospital Pack/DemoScene.unity using Guid(333777fb04f093742ac3cf0ca1b5e242) Importer(815301076,1909f56bfc062723c751e8b465ee728b)  -> (artifact id: '47661a5d0ed1d8e6eccf913f9c4d3b41') in 0.005541 seconds 
========================================================================
Received Import Request.
  Time since last request: 33.029269 seconds.
  path: Assets/Horror Hospital Pack/Models/Bad
  artifactKey: Guid(31dd5bcfc2f58754788b1c5c01c7beb3) Importer(815301076,1909f56bfc062723c751e8b465ee728b)
Start importing Assets/Horror Hospital Pack/Models/Bad using Guid(31dd5bcfc2f58754788b1c5c01c7beb3) Importer(815301076,1909f56bfc062723c751e8b465ee728b)  -> (artifact id: 'd20cb2853cd2d79ad1a1a5ba4a958dad') in 0.005500 seconds 
========================================================================
Received Import Request.
  Time since last request: 0.680930 seconds.
  path: Assets/Horror Hospital Pack/Models/Bad/Bad.FBX
  artifactKey: Guid(b14dfb445f850ea4ba4e6b34702e612b) Importer(815301076,1909f56bfc062723c751e8b465ee728b)
Start importing Assets/Horror Hospital Pack/Models/Bad/Bad.FBX using Guid(b14dfb445f850ea4ba4e6b34702e612b) Importer(815301076,1909f56bfc062723c751e8b465ee728b)  -> (artifact id: '491884c2364a7a6d78b411dff3d40e83') in 0.069509 seconds 
========================================================================
Received Import Request.
  Time since last request: 0.000016 seconds.
  path: Assets/Horror Hospital Pack/Models/Bad/Bad_n.png
  artifactKey: Guid(a9062d1e8d1601a4ea69e400ec739c12) Importer(815301076,1909f56bfc062723c751e8b465ee728b)
Start importing Assets/Horror Hospital Pack/Models/Bad/Bad_n.png using Guid(a9062d1e8d1601a4ea69e400ec739c12) Importer(815301076,1909f56bfc062723c751e8b465ee728b)  -> (artifact id: '0caa682765dee4c4535f5df99f814011') in 0.026530 seconds 
========================================================================
Received Import Request.
  Time since last request: 3.820741 seconds.
  path: Assets/Horror Hospital Pack/Prefabs/Bad.prefab
  artifactKey: Guid(5713ed639ef83f945b71f3b92342d629) Importer(815301076,1909f56bfc062723c751e8b465ee728b)
Start importing Assets/Horror Hospital Pack/Prefabs/Bad.prefab using Guid(5713ed639ef83f945b71f3b92342d629) Importer(815301076,1909f56bfc062723c751e8b465ee728b)  -> (artifact id: '5c11a66311e81a9d5cb9079ad538ef03') in 0.020001 seconds 
========================================================================
Received Import Request.
  Time since last request: 0.000021 seconds.
  path: Assets/Horror Hospital Pack/Prefabs/Wall2.prefab
  artifactKey: Guid(189dff70245addd45bf37c2e992c9912) Importer(815301076,1909f56bfc062723c751e8b465ee728b)
Start importing Assets/Horror Hospital Pack/Prefabs/Wall2.prefab using Guid(189dff70245addd45bf37c2e992c9912) Importer(815301076,1909f56bfc062723c751e8b465ee728b)  -> (artifact id: '54621147716af740418f8ff9aef7debb') in 0.014355 seconds 
========================================================================
Received Import Request.
  Time since last request: 0.000023 seconds.
  path: Assets/Horror Hospital Pack/Prefabs/Stretcher.prefab
  artifactKey: Guid(381bdf9c7f27cce46b2699033a9b735a) Importer(815301076,1909f56bfc062723c751e8b465ee728b)
Start importing Assets/Horror Hospital Pack/Prefabs/Stretcher.prefab using Guid(381bdf9c7f27cce46b2699033a9b735a) Importer(815301076,1909f56bfc062723c751e8b465ee728b)  -> (artifact id: 'a013beca87d87151ce1c730b8e9a449c') in 0.013920 seconds 
========================================================================
Received Import Request.
  Time since last request: 0.000020 seconds.
  path: Assets/Horror Hospital Pack/Prefabs/Lamp.prefab
  artifactKey: Guid(2fa97d29375bda64080d41087c0c107c) Importer(815301076,1909f56bfc062723c751e8b465ee728b)
Start importing Assets/Horror Hospital Pack/Prefabs/Lamp.prefab using Guid(2fa97d29375bda64080d41087c0c107c) Importer(815301076,1909f56bfc062723c751e8b465ee728b)  -> (artifact id: '70c26b6b7df19d8ffda8673643675c9e') in 0.013378 seconds 
========================================================================
Received Import Request.
  Time since last request: 0.000025 seconds.
  path: Assets/Horror Hospital Pack/Prefabs/DoorWay.prefab
  artifactKey: Guid(42823df6e1b204a468f32120ecbe51f6) Importer(815301076,1909f56bfc062723c751e8b465ee728b)
Start importing Assets/Horror Hospital Pack/Prefabs/DoorWay.prefab using Guid(42823df6e1b204a468f32120ecbe51f6) Importer(815301076,1909f56bfc062723c751e8b465ee728b)  -> (artifact id: '3ca1f26e3ed438ec06ae46c3b0b884fe') in 0.176256 seconds 
========================================================================
Received Import Request.
  Time since last request: 0.000035 seconds.
  path: Assets/Horror Hospital Pack/Prefabs/Wall.prefab
  artifactKey: Guid(acb5b460622c8ee4b825a3e68c33c1b6) Importer(815301076,1909f56bfc062723c751e8b465ee728b)
Start importing Assets/Horror Hospital Pack/Prefabs/Wall.prefab using Guid(acb5b460622c8ee4b825a3e68c33c1b6) Importer(815301076,1909f56bfc062723c751e8b465ee728b)  -> (artifact id: '302dc201ec2005dee2fd85c101b530c2') in 0.013893 seconds 
========================================================================
Received Import Request.
  Time since last request: 5.348467 seconds.
  path: Assets/Horror Hospital Pack/Materials
  artifactKey: Guid(07bc3393f35a05f4bba72d700c4d800a) Importer(815301076,1909f56bfc062723c751e8b465ee728b)
Start importing Assets/Horror Hospital Pack/Materials using Guid(07bc3393f35a05f4bba72d700c4d800a) Importer(815301076,1909f56bfc062723c751e8b465ee728b)  -> (artifact id: 'fa21e0c206e5750f86bf82860d29a3ab') in 0.005574 seconds 
========================================================================
Received Import Request.
  Time since last request: 0.909757 seconds.
  path: Assets/Horror Hospital Pack/Materials/Floor
  artifactKey: Guid(faaa50a9c13a7ec498f8d95a869d94a3) Importer(815301076,1909f56bfc062723c751e8b465ee728b)
Start importing Assets/Horror Hospital Pack/Materials/Floor using Guid(faaa50a9c13a7ec498f8d95a869d94a3) Importer(815301076,1909f56bfc062723c751e8b465ee728b)  -> (artifact id: '2bfd62701fa329a03e1c6c1469748d42') in 0.005263 seconds 
========================================================================
Received Import Request.
  Time since last request: 0.072743 seconds.
  path: Assets/Horror Hospital Pack/Materials/Floor/Concrete.png
  artifactKey: Guid(f5bd2019bdaa6eb49ad38a6d00e1fd32) Importer(815301076,1909f56bfc062723c751e8b465ee728b)
Start importing Assets/Horror Hospital Pack/Materials/Floor/Concrete.png using Guid(f5bd2019bdaa6eb49ad38a6d00e1fd32) Importer(815301076,1909f56bfc062723c751e8b465ee728b)  -> (artifact id: '2d221ee38d5b8916ed6d23e7a5d7ed22') in 0.011859 seconds 
========================================================================
Received Import Request.
  Time since last request: 0.000022 seconds.
  path: Assets/Horror Hospital Pack/Materials/Floor/mConcrete.mat
  artifactKey: Guid(6706f85137508b84b8da9cdf75f3fe30) Importer(815301076,1909f56bfc062723c751e8b465ee728b)
Start importing Assets/Horror Hospital Pack/Materials/Floor/mConcrete.mat using Guid(6706f85137508b84b8da9cdf75f3fe30) Importer(815301076,1909f56bfc062723c751e8b465ee728b)  -> (artifact id: '47645361f760417c331cc36c46021161') in 0.021887 seconds 
========================================================================
Received Import Request.
  Time since last request: 0.000028 seconds.
  path: Assets/Horror Hospital Pack/Materials/Floor/test.png
  artifactKey: Guid(29761e91e6ace924a9ff3256387b131d) Importer(815301076,1909f56bfc062723c751e8b465ee728b)
Start importing Assets/Horror Hospital Pack/Materials/Floor/test.png using Guid(29761e91e6ace924a9ff3256387b131d) Importer(815301076,1909f56bfc062723c751e8b465ee728b)  -> (artifact id: '865a117cba277d7413c4b00ca0df0f0f') in 0.012646 seconds 
========================================================================
Received Import Request.
  Time since last request: 0.000023 seconds.
  path: Assets/Horror Hospital Pack/Materials/Floor/FloorNormal.png
  artifactKey: Guid(05908861fdda43f4d9d15301d0cc5125) Importer(815301076,1909f56bfc062723c751e8b465ee728b)
Start importing Assets/Horror Hospital Pack/Materials/Floor/FloorNormal.png using Guid(05908861fdda43f4d9d15301d0cc5125) Importer(815301076,1909f56bfc062723c751e8b465ee728b)  -> (artifact id: '74cd6fc09dc524feb1006dd0c60d19f4') in 0.011044 seconds 
========================================================================
Received Prepare
Registering precompiled user dll's ...
Registered in 0.006357 seconds.
Begin MonoManager ReloadAssembly
Symbol file LoadedFromMemory doesn't match image C:\Metaverse_KYH\Project_Practice\Howling\Library\PackageCache\com.unity.visualscripting@1.7.8\Editor\VisualScripting.Core\Dependencies\YamlDotNet\Unity.VisualScripting.YamlDotNet.dll
Symbol file LoadedFromMemory doesn't match image C:\Metaverse_KYH\Project_Practice\Howling\Library\PackageCache\com.unity.visualscripting@1.7.8\Editor\VisualScripting.Core\Dependencies\DotNetZip\Unity.VisualScripting.IonicZip.dll
Native extension for WindowsStandalone target not found
Native extension for Android target not found
Refreshing native plugins compatible for Editor in 1.07 ms, found 3 plugins.
Preloading 0 native plugins for Editor in 0.00 ms.
Mono: successfully reloaded assembly
- Completed reload, in  1.040 seconds
Domain Reload Profiling:
	ReloadAssembly (1041ms)
		BeginReloadAssembly (120ms)
			ExecutionOrderSort (0ms)
			DisableScriptedObjects (3ms)
			BackupInstance (0ms)
			ReleaseScriptingObjects (0ms)
			CreateAndSetChildDomain (33ms)
		EndReloadAssembly (827ms)
			LoadAssemblies (88ms)
			RebuildTransferFunctionScriptingTraits (0ms)
			SetupTypeCache (291ms)
			ReleaseScriptCaches (2ms)
			RebuildScriptCaches (47ms)
			SetupLoadedEditorAssemblies (344ms)
				LogAssemblyErrors (0ms)
				InitializePlatformSupportModulesInManaged (23ms)
				SetLoadedEditorAssemblies (1ms)
				RefreshPlugins (1ms)
				BeforeProcessingInitializeOnLoad (71ms)
				ProcessInitializeOnLoadAttributes (211ms)
				ProcessInitializeOnLoadMethodAttributes (29ms)
				AfterProcessingInitializeOnLoad (8ms)
				EditorAssembliesLoaded (0ms)
			ExecutionOrderSort2 (0ms)
			AwakeInstancesAfterBackupRestoration (6ms)
Platform modules already initialized, skipping
Refreshing native plugins compatible for Editor in 2.99 ms, found 3 plugins.
Preloading 0 native plugins for Editor in 0.00 ms.
Unloading 3374 Unused Serialized files (Serialized files now loaded: 0)
Unloading 20 unused Assets / (82.5 KB). Loaded Objects now: 3993.
Memory consumption went from 144.1 MB to 144.0 MB.
Total: 4.387400 ms (FindLiveObjects: 0.306100 ms CreateObjectMapping: 0.277100 ms MarkObjects: 3.681400 ms  DeleteObjects: 0.121600 ms)

AssetImportParameters requested are different than current active one (requested -> active):
  custom:video-decoder-ogg-theora: a1e56fd34408186e4bbccfd4996cb3dc -> 
  custom:container-muxer-webm: aa71ff27fc2769a1b78a27578f13a17b -> 
  custom:container-demuxer-webm: 4f35f7cbe854078d1ac9338744f61a02 -> 
  custom:video-encoder-webm-vp8: eb34c28f22e8b96e1ab97ce403110664 -> 
  custom:audio-encoder-webm-vorbis: bf7c407c2cedff20999df2af8eb42d56 -> 
  custom:framework-win-MediaFoundation: 216162199b28c13a410421893ffa2e32 -> 
  custom:container-demuxer-ogg: 62fdf1f143b41e24485cea50d1cbac27 -> 
  custom:video-decoder-webm-vp8: 9c59270c3fd7afecdb556c50c9e8de78 -> 
  custom:audio-decoder-ogg-vorbis: bf7c407c2cedff20999df2af8eb42d56 -> 
Editor requested this worker to shutdown with reason: Scaling down because of idle timeout
AssetImportWorker is now disconnected from the server
Process exiting
Exiting without the bug reporter. Application will terminate with return code 0